[35m[1mScanning dependencies of target std_msgs_generate_messages_cpp[0m
[35m[1mScanning dependencies of target hello_world[0m
[  0%] Built target std_msgs_generate_messages_cpp
[35m[1mScanning dependencies of target _roscpp_tutorials_generate_messages_check_deps_TwoInts[0m
[  0%] Built target _roscpp_tutorials_generate_messages_check_deps_TwoInts
[35m[1mScanning dependencies of target time_api_sleep[0m
[  1%] [32mBuilding CXX object CMakeFiles/time_api_sleep.dir/time_api/sleep/sleep.cpp.o[0m
[  3%] [32mBuilding CXX object CMakeFiles/hello_world.dir/talker/hello_world.cpp.o[0m
[  5%] [32m[1mLinking CXX executable /home/student/catkin_ws/devel/.private/roscpp_tutorials/lib/roscpp_tutorials/time_api_sleep[0m
[  5%] Built target time_api_sleep
[35m[1mScanning dependencies of target std_msgs_generate_messages_py[0m
[  5%] Built target std_msgs_generate_messages_py
[35m[1mScanning dependencies of target std_msgs_generate_messages_lisp[0m
[  5%] Built target std_msgs_generate_messages_lisp
[35m[1mScanning dependencies of target std_msgs_generate_messages_nodejs[0m
[  5%] Built target std_msgs_generate_messages_nodejs
[35m[1mScanning dependencies of target std_msgs_generate_messages_eus[0m
[  5%] Built target std_msgs_generate_messages_eus
[35m[1mScanning dependencies of target roscpp_tutorials_generate_messages_cpp[0m
[  7%] [34m[1mGenerating C++ code from roscpp_tutorials/TwoInts.srv[0m
[  7%] Built target roscpp_tutorials_generate_messages_cpp
[35m[1mScanning dependencies of target roscpp_tutorials_generate_messages_py[0m
[  9%] [34m[1mGenerating Python code from SRV roscpp_tutorials/TwoInts[0m
[ 11%] [32m[1mLinking CXX executable /home/student/catkin_ws/devel/.private/roscpp_tutorials/lib/roscpp_tutorials/hello_world[0m
[ 11%] Built target hello_world
[ 13%] [34m[1mGenerating Python srv __init__.py for roscpp_tutorials[0m
[ 13%] Built target roscpp_tutorials_generate_messages_py
[35m[1mScanning dependencies of target roscpp_tutorials_generate_messages_lisp[0m
[ 15%] [34m[1mGenerating Lisp code from roscpp_tutorials/TwoInts.srv[0m
[ 15%] Built target roscpp_tutorials_generate_messages_lisp
[35m[1mScanning dependencies of target roscpp_tutorials_generate_messages_nodejs[0m
[ 17%] [34m[1mGenerating Javascript code from roscpp_tutorials/TwoInts.srv[0m
[ 17%] Built target roscpp_tutorials_generate_messages_nodejs
[35m[1mScanning dependencies of target roscpp_tutorials_generate_messages_eus[0m
[ 19%] [34m[1mGenerating EusLisp code from roscpp_tutorials/TwoInts.srv[0m
[ 21%] [34m[1mGenerating EusLisp manifest code for roscpp_tutorials[0m
[ 21%] Built target roscpp_tutorials_generate_messages_eus
[35m[1mScanning dependencies of target roscpp_tutorials_gencpp[0m
[ 21%] Built target roscpp_tutorials_gencpp
[35m[1mScanning dependencies of target roscpp_tutorials_generate_messages[0m
[ 21%] Built target roscpp_tutorials_generate_messages
[35m[1mScanning dependencies of target listener_with_tracked_object[0m
[ 23%] [32mBuilding CXX object CMakeFiles/listener_with_tracked_object.dir/listener_with_tracked_object/listener_with_tracked_object.cpp.o[0m
[35m[1mScanning dependencies of target listener_unreliable[0m
[ 25%] [32mBuilding CXX object CMakeFiles/listener_unreliable.dir/listener_unreliable/listener_unreliable.cpp.o[0m
[ 27%] [32m[1mLinking CXX executable /home/student/catkin_ws/devel/.private/roscpp_tutorials/lib/roscpp_tutorials/listener_with_tracked_object[0m
[ 27%] Built target listener_with_tracked_object
[ 29%] [32m[1mLinking CXX executable /home/student/catkin_ws/devel/.private/roscpp_tutorials/lib/roscpp_tutorials/listener_unreliable[0m
[ 29%] Built target listener_unreliable
[35m[1mScanning dependencies of target listener[0m
[ 31%] [32mBuilding CXX object CMakeFiles/listener.dir/listener/listener.cpp.o[0m
[35m[1mScanning dependencies of target notify_connect[0m
[ 33%] [32mBuilding CXX object CMakeFiles/notify_connect.dir/notify_connect/notify_connect.cpp.o[0m
[ 35%] [32m[1mLinking CXX executable /home/student/catkin_ws/devel/.private/roscpp_tutorials/lib/roscpp_tutorials/listener[0m
[ 35%] Built target listener
[35m[1mScanning dependencies of target talker[0m
[ 37%] [32mBuilding CXX object CMakeFiles/talker.dir/talker/talker.cpp.o[0m
[ 39%] [32m[1mLinking CXX executable /home/student/catkin_ws/devel/.private/roscpp_tutorials/lib/roscpp_tutorials/notify_connect[0m
[ 39%] Built target notify_connect
[35m[1mScanning dependencies of target cached_parameters[0m
[ 41%] [32mBuilding CXX object CMakeFiles/cached_parameters.dir/cached_parameters/cached_parameters.cpp.o[0m
[ 43%] [32m[1mLinking CXX executable /home/student/catkin_ws/devel/.private/roscpp_tutorials/lib/roscpp_tutorials/talker[0m
[ 43%] Built target talker
[35m[1mScanning dependencies of target timers[0m
[ 45%] [32mBuilding CXX object CMakeFiles/timers.dir/timers/timers.cpp.o[0m
[ 47%] [32m[1mLinking CXX executable /home/student/catkin_ws/devel/.private/roscpp_tutorials/lib/roscpp_tutorials/cached_parameters[0m
[ 47%] Built target cached_parameters
[35m[1mScanning dependencies of target custom_callback_processing[0m
[ 49%] [32mBuilding CXX object CMakeFiles/custom_callback_processing.dir/custom_callback_processing/custom_callback_processing.cpp.o[0m
[ 50%] [32m[1mLinking CXX executable /home/student/catkin_ws/devel/.private/roscpp_tutorials/lib/roscpp_tutorials/timers[0m
[ 50%] Built target timers
[35m[1mScanning dependencies of target node_handle_namespaces[0m
[ 52%] [32mBuilding CXX object CMakeFiles/node_handle_namespaces.dir/node_handle_namespaces/node_handle_namespaces.cpp.o[0m
[ 54%] [32m[1mLinking CXX executable /home/student/catkin_ws/devel/.private/roscpp_tutorials/lib/roscpp_tutorials/node_handle_namespaces[0m
[ 54%] Built target node_handle_namespaces
[35m[1mScanning dependencies of target listener_class[0m
[ 56%] [32mBuilding CXX object CMakeFiles/listener_class.dir/listener_class/listener_class.cpp.o[0m
[35m[1mScanning dependencies of target listener_async_spin[0m
[ 58%] [32mBuilding CXX object CMakeFiles/listener_async_spin.dir/listener_async_spin/listener_async_spin.cpp.o[0m
[ 60%] [32m[1mLinking CXX executable /home/student/catkin_ws/devel/.private/roscpp_tutorials/lib/roscpp_tutorials/listener_class[0m
[ 60%] Built target listener_class
[35m[1mScanning dependencies of target listener_threaded_spin[0m
[ 62%] [32mBuilding CXX object CMakeFiles/listener_threaded_spin.dir/listener_threaded_spin/listener_threaded_spin.cpp.o[0m
[ 64%] [32m[1mLinking CXX executable /home/student/catkin_ws/devel/.private/roscpp_tutorials/lib/roscpp_tutorials/custom_callback_processing[0m
[ 64%] Built target custom_callback_processing
[35m[1mScanning dependencies of target listener_multiple[0m
[ 66%] [32mBuilding CXX object CMakeFiles/listener_multiple.dir/listener_multiple/listener_multiple.cpp.o[0m
[ 68%] [32m[1mLinking CXX executable /home/student/catkin_ws/devel/.private/roscpp_tutorials/lib/roscpp_tutorials/listener_multiple[0m
[ 68%] Built target listener_multiple
[35m[1mScanning dependencies of target listener_with_userdata[0m
[ 70%] [32mBuilding CXX object CMakeFiles/listener_with_userdata.dir/listener_with_userdata/listener_with_userdata.cpp.o[0m
[ 72%] [32m[1mLinking CXX executable /home/student/catkin_ws/devel/.private/roscpp_tutorials/lib/roscpp_tutorials/listener_async_spin[0m
[ 74%] [32m[1mLinking CXX executable /home/student/catkin_ws/devel/.private/roscpp_tutorials/lib/roscpp_tutorials/listener_threaded_spin[0m
[ 74%] Built target listener_async_spin
[ 74%] Built target listener_threaded_spin
[35m[1mScanning dependencies of target anonymous_listener[0m
[ 76%] [32mBuilding CXX object CMakeFiles/anonymous_listener.dir/anonymous_listener/anonymous_listener.cpp.o[0m
[ 78%] [32m[1mLinking CXX executable /home/student/catkin_ws/devel/.private/roscpp_tutorials/lib/roscpp_tutorials/listener_with_userdata[0m
[ 78%] Built target listener_with_userdata
[35m[1mScanning dependencies of target add_two_ints_server_class[0m
[ 80%] [32mBuilding CXX object CMakeFiles/add_two_ints_server_class.dir/add_two_ints_server_class/add_two_ints_server_class.cpp.o[0m
[35m[1mScanning dependencies of target add_two_ints_client[0m
[ 82%] [32m[1mLinking CXX executable /home/student/catkin_ws/devel/.private/roscpp_tutorials/lib/roscpp_tutorials/anonymous_listener[0m
[ 84%] [32mBuilding CXX object CMakeFiles/add_two_ints_client.dir/add_two_ints_client/add_two_ints_client.cpp.o[0m
[ 84%] Built target anonymous_listener
[35m[1mScanning dependencies of target babbler[0m
[ 86%] [32mBuilding CXX object CMakeFiles/babbler.dir/babbler/babbler.cpp.o[0m
[ 88%] [32m[1mLinking CXX executable /home/student/catkin_ws/devel/.private/roscpp_tutorials/lib/roscpp_tutorials/add_two_ints_server_class[0m
[ 88%] Built target add_two_ints_server_class
[35m[1mScanning dependencies of target parameters[0m
[ 90%] [32mBuilding CXX object CMakeFiles/parameters.dir/parameters/parameters.cpp.o[0m
[ 92%] [32m[1mLinking CXX executable /home/student/catkin_ws/devel/.private/roscpp_tutorials/lib/roscpp_tutorials/add_two_ints_client[0m
[ 92%] Built target add_two_ints_client
[35m[1mScanning dependencies of target add_two_ints_server[0m
[ 94%] [32mBuilding CXX object CMakeFiles/add_two_ints_server.dir/add_two_ints_server/add_two_ints_server.cpp.o[0m
[ 96%] [32m[1mLinking CXX executable /home/student/catkin_ws/devel/.private/roscpp_tutorials/lib/roscpp_tutorials/babbler[0m
[ 96%] Built target babbler
[ 98%] [32m[1mLinking CXX executable /home/student/catkin_ws/devel/.private/roscpp_tutorials/lib/roscpp_tutorials/parameters[0m
[ 98%] Built target parameters
[100%] [32m[1mLinking CXX executable /home/student/catkin_ws/devel/.private/roscpp_tutorials/lib/roscpp_tutorials/add_two_ints_server[0m
[100%] Built target add_two_ints_server
