[  3%] Built target hello_world
[  3%] Built target std_msgs_generate_messages_cpp
[  7%] Built target time_api_sleep
[  7%] Built target _roscpp_tutorials_generate_messages_check_deps_TwoInts
[  7%] Built target std_msgs_generate_messages_py
[  7%] Built target std_msgs_generate_messages_lisp
[  7%] Built target std_msgs_generate_messages_nodejs
[  7%] Built target std_msgs_generate_messages_eus
[  9%] Built target roscpp_tutorials_generate_messages_cpp
[ 13%] Built target roscpp_tutorials_generate_messages_py
[ 15%] Built target roscpp_tutorials_generate_messages_lisp
[ 17%] Built target roscpp_tutorials_generate_messages_nodejs
[ 21%] Built target roscpp_tutorials_generate_messages_eus
[ 21%] Built target roscpp_tutorials_gencpp
[ 21%] Built target roscpp_tutorials_generate_messages
[ 25%] Built target listener_with_tracked_object
[ 29%] Built target listener
[ 33%] Built target listener_unreliable
[ 37%] Built target notify_connect
[ 41%] Built target talker
[ 45%] Built target cached_parameters
[ 49%] Built target custom_callback_processing
[ 52%] Built target timers
[ 56%] Built target node_handle_namespaces
[ 60%] Built target listener_class
[ 64%] Built target listener_async_spin
[ 68%] Built target listener_threaded_spin
[ 72%] Built target listener_with_userdata
[ 76%] Built target listener_multiple
[ 80%] Built target anonymous_listener
[ 84%] Built target add_two_ints_server_class
[ 88%] Built target add_two_ints_client
[ 92%] Built target add_two_ints_server
[ 96%] Built target babbler
[100%] Built target parameters
