[  0%] Built target std_msgs_generate_messages_cpp
[  3%] Built target hello_world
[  3%] Built target _roscpp_tutorials_generate_messages_check_deps_TwoInts
[  7%] Built target time_api_sleep
[  7%] Built target std_msgs_generate_messages_py
[  7%] Built target std_msgs_generate_messages_lisp
[  7%] Built target std_msgs_generate_messages_nodejs
[  7%] Built target std_msgs_generate_messages_eus
[ 11%] Built target roscpp_tutorials_generate_messages_py
[ 13%] Built target roscpp_tutorials_generate_messages_cpp
[ 15%] Built target roscpp_tutorials_generate_messages_lisp
[ 17%] Built target roscpp_tutorials_generate_messages_nodejs
[ 17%] Built target roscpp_tutorials_gencpp
[ 21%] Built target roscpp_tutorials_generate_messages_eus
[ 25%] Built target cached_parameters
[ 29%] Built target timers
[ 33%] Built target custom_callback_processing
[ 37%] Built target node_handle_namespaces
[ 41%] Built target listener_class
[ 45%] Built target listener_async_spin
[ 49%] Built target listener_threaded_spin
[ 52%] Built target listener_multiple
[ 56%] Built target listener_with_userdata
[ 60%] Built target add_two_ints_server_class
[ 64%] Built target anonymous_listener
[ 68%] Built target add_two_ints_client
[ 72%] Built target parameters
[ 76%] Built target babbler
[ 80%] Built target add_two_ints_server
[ 80%] Built target roscpp_tutorials_generate_messages
[ 84%] Built target listener_with_tracked_object
[ 88%] Built target listener_unreliable
[ 92%] Built target listener
[ 96%] Built target notify_connect
[100%] Built target talker
