Linked: (/home/student/catkin_ws/devel/.private/roscpp_tutorials/include/roscpp_tutorials/TwoInts.h, /home/student/catkin_ws/devel/include/roscpp_tutorials/TwoInts.h)
Linked: (/home/student/catkin_ws/devel/.private/roscpp_tutorials/include/roscpp_tutorials/TwoIntsResponse.h, /home/student/catkin_ws/devel/include/roscpp_tutorials/TwoIntsResponse.h)
Linked: (/home/student/catkin_ws/devel/.private/roscpp_tutorials/include/roscpp_tutorials/TwoIntsRequest.h, /home/student/catkin_ws/devel/include/roscpp_tutorials/TwoIntsRequest.h)
Linked: (/home/student/catkin_ws/devel/.private/roscpp_tutorials/lib/roscpp_tutorials/talker, /home/student/catkin_ws/devel/lib/roscpp_tutorials/talker)
Linked: (/home/student/catkin_ws/devel/.private/roscpp_tutorials/lib/roscpp_tutorials/listener_class, /home/student/catkin_ws/devel/lib/roscpp_tutorials/listener_class)
Linked: (/home/student/catkin_ws/devel/.private/roscpp_tutorials/lib/roscpp_tutorials/parameters, /home/student/catkin_ws/devel/lib/roscpp_tutorials/parameters)
Linked: (/home/student/catkin_ws/devel/.private/roscpp_tutorials/lib/roscpp_tutorials/anonymous_listener, /home/student/catkin_ws/devel/lib/roscpp_tutorials/anonymous_listener)
Linked: (/home/student/catkin_ws/devel/.private/roscpp_tutorials/lib/roscpp_tutorials/notify_connect, /home/student/catkin_ws/devel/lib/roscpp_tutorials/notify_connect)
Linked: (/home/student/catkin_ws/devel/.private/roscpp_tutorials/lib/roscpp_tutorials/listener_unreliable, /home/student/catkin_ws/devel/lib/roscpp_tutorials/listener_unreliable)
Linked: (/home/student/catkin_ws/devel/.private/roscpp_tutorials/lib/roscpp_tutorials/listener_multiple, /home/student/catkin_ws/devel/lib/roscpp_tutorials/listener_multiple)
Linked: (/home/student/catkin_ws/devel/.private/roscpp_tutorials/lib/roscpp_tutorials/listener_with_userdata, /home/student/catkin_ws/devel/lib/roscpp_tutorials/listener_with_userdata)
Linked: (/home/student/catkin_ws/devel/.private/roscpp_tutorials/lib/roscpp_tutorials/listener, /home/student/catkin_ws/devel/lib/roscpp_tutorials/listener)
Linked: (/home/student/catkin_ws/devel/.private/roscpp_tutorials/lib/roscpp_tutorials/cached_parameters, /home/student/catkin_ws/devel/lib/roscpp_tutorials/cached_parameters)
Linked: (/home/student/catkin_ws/devel/.private/roscpp_tutorials/lib/roscpp_tutorials/timers, /home/student/catkin_ws/devel/lib/roscpp_tutorials/timers)
Linked: (/home/student/catkin_ws/devel/.private/roscpp_tutorials/lib/roscpp_tutorials/add_two_ints_server_class, /home/student/catkin_ws/devel/lib/roscpp_tutorials/add_two_ints_server_class)
Linked: (/home/student/catkin_ws/devel/.private/roscpp_tutorials/lib/roscpp_tutorials/hello_world, /home/student/catkin_ws/devel/lib/roscpp_tutorials/hello_world)
Linked: (/home/student/catkin_ws/devel/.private/roscpp_tutorials/lib/roscpp_tutorials/listener_threaded_spin, /home/student/catkin_ws/devel/lib/roscpp_tutorials/listener_threaded_spin)
Linked: (/home/student/catkin_ws/devel/.private/roscpp_tutorials/lib/roscpp_tutorials/listener_async_spin, /home/student/catkin_ws/devel/lib/roscpp_tutorials/listener_async_spin)
Linked: (/home/student/catkin_ws/devel/.private/roscpp_tutorials/lib/roscpp_tutorials/add_two_ints_server, /home/student/catkin_ws/devel/lib/roscpp_tutorials/add_two_ints_server)
Linked: (/home/student/catkin_ws/devel/.private/roscpp_tutorials/lib/roscpp_tutorials/add_two_ints_client, /home/student/catkin_ws/devel/lib/roscpp_tutorials/add_two_ints_client)
Linked: (/home/student/catkin_ws/devel/.private/roscpp_tutorials/lib/roscpp_tutorials/listener_with_tracked_object, /home/student/catkin_ws/devel/lib/roscpp_tutorials/listener_with_tracked_object)
Linked: (/home/student/catkin_ws/devel/.private/roscpp_tutorials/lib/roscpp_tutorials/node_handle_namespaces, /home/student/catkin_ws/devel/lib/roscpp_tutorials/node_handle_namespaces)
Linked: (/home/student/catkin_ws/devel/.private/roscpp_tutorials/lib/roscpp_tutorials/custom_callback_processing, /home/student/catkin_ws/devel/lib/roscpp_tutorials/custom_callback_processing)
Linked: (/home/student/catkin_ws/devel/.private/roscpp_tutorials/lib/roscpp_tutorials/babbler, /home/student/catkin_ws/devel/lib/roscpp_tutorials/babbler)
Linked: (/home/student/catkin_ws/devel/.private/roscpp_tutorials/lib/roscpp_tutorials/time_api_sleep, /home/student/catkin_ws/devel/lib/roscpp_tutorials/time_api_sleep)
Linked: (/home/student/catkin_ws/devel/.private/roscpp_tutorials/lib/pkgconfig/roscpp_tutorials.pc, /home/student/catkin_ws/devel/lib/pkgconfig/roscpp_tutorials.pc)
Linked: (/home/student/catkin_ws/devel/.private/roscpp_tutorials/lib/python2.7/dist-packages/roscpp_tutorials/__init__.py, /home/student/catkin_ws/devel/lib/python2.7/dist-packages/roscpp_tutorials/__init__.py)
Linked: (/home/student/catkin_ws/devel/.private/roscpp_tutorials/lib/python2.7/dist-packages/roscpp_tutorials/srv/__init__.py, /home/student/catkin_ws/devel/lib/python2.7/dist-packages/roscpp_tutorials/srv/__init__.py)
Linked: (/home/student/catkin_ws/devel/.private/roscpp_tutorials/lib/python2.7/dist-packages/roscpp_tutorials/srv/_TwoInts.py, /home/student/catkin_ws/devel/lib/python2.7/dist-packages/roscpp_tutorials/srv/_TwoInts.py)
Linked: (/home/student/catkin_ws/devel/.private/roscpp_tutorials/share/gennodejs/ros/roscpp_tutorials/_index.js, /home/student/catkin_ws/devel/share/gennodejs/ros/roscpp_tutorials/_index.js)
Linked: (/home/student/catkin_ws/devel/.private/roscpp_tutorials/share/gennodejs/ros/roscpp_tutorials/srv/TwoInts.js, /home/student/catkin_ws/devel/share/gennodejs/ros/roscpp_tutorials/srv/TwoInts.js)
Linked: (/home/student/catkin_ws/devel/.private/roscpp_tutorials/share/gennodejs/ros/roscpp_tutorials/srv/_index.js, /home/student/catkin_ws/devel/share/gennodejs/ros/roscpp_tutorials/srv/_index.js)
Linked: (/home/student/catkin_ws/devel/.private/roscpp_tutorials/share/roscpp_tutorials/cmake/roscpp_tutorialsConfig-version.cmake, /home/student/catkin_ws/devel/share/roscpp_tutorials/cmake/roscpp_tutorialsConfig-version.cmake)
Linked: (/home/student/catkin_ws/devel/.private/roscpp_tutorials/share/roscpp_tutorials/cmake/roscpp_tutorials-msg-paths.cmake, /home/student/catkin_ws/devel/share/roscpp_tutorials/cmake/roscpp_tutorials-msg-paths.cmake)
Linked: (/home/student/catkin_ws/devel/.private/roscpp_tutorials/share/roscpp_tutorials/cmake/roscpp_tutorialsConfig.cmake, /home/student/catkin_ws/devel/share/roscpp_tutorials/cmake/roscpp_tutorialsConfig.cmake)
Linked: (/home/student/catkin_ws/devel/.private/roscpp_tutorials/share/roscpp_tutorials/cmake/roscpp_tutorials-msg-extras.cmake, /home/student/catkin_ws/devel/share/roscpp_tutorials/cmake/roscpp_tutorials-msg-extras.cmake)
Linked: (/home/student/catkin_ws/devel/.private/roscpp_tutorials/share/roseus/ros/roscpp_tutorials/manifest.l, /home/student/catkin_ws/devel/share/roseus/ros/roscpp_tutorials/manifest.l)
Linked: (/home/student/catkin_ws/devel/.private/roscpp_tutorials/share/roseus/ros/roscpp_tutorials/srv/TwoInts.l, /home/student/catkin_ws/devel/share/roseus/ros/roscpp_tutorials/srv/TwoInts.l)
Linked: (/home/student/catkin_ws/devel/.private/roscpp_tutorials/share/common-lisp/ros/roscpp_tutorials/srv/TwoInts.lisp, /home/student/catkin_ws/devel/share/common-lisp/ros/roscpp_tutorials/srv/TwoInts.lisp)
Linked: (/home/student/catkin_ws/devel/.private/roscpp_tutorials/share/common-lisp/ros/roscpp_tutorials/srv/_package_TwoInts.lisp, /home/student/catkin_ws/devel/share/common-lisp/ros/roscpp_tutorials/srv/_package_TwoInts.lisp)
Linked: (/home/student/catkin_ws/devel/.private/roscpp_tutorials/share/common-lisp/ros/roscpp_tutorials/srv/roscpp_tutorials-srv.asd, /home/student/catkin_ws/devel/share/common-lisp/ros/roscpp_tutorials/srv/roscpp_tutorials-srv.asd)
Linked: (/home/student/catkin_ws/devel/.private/roscpp_tutorials/share/common-lisp/ros/roscpp_tutorials/srv/_package.lisp, /home/student/catkin_ws/devel/share/common-lisp/ros/roscpp_tutorials/srv/_package.lisp)
